[2022-11-28 22:37:30] [ INFO ] [PasiveAccountController:31] get all pasive accounts
[2022-11-29 00:26:09] [ INFO ] [PasiveAccountController:44] save passive account
[2022-12-01 00:42:09] [ INFO ] [PasiveAccountController:31] get all pasive accounts
[2022-12-01 00:42:42] [ INFO ] [PasiveAccountController:31] get all pasive accounts
[2022-12-01 00:42:52] [ INFO ] [PasiveAccountController:31] get all pasive accounts
[2022-12-01 00:42:57] [ INFO ] [PasiveAccountController:31] get all pasive accounts
[2022-12-01 01:12:39] [ INFO ] [PasiveAccountController:31] get all pasive accounts
[2022-12-01 01:14:35] [ INFO ] [PasiveAccountController:31] get all pasive accounts
[2022-12-04 19:56:41] [ INFO ] [PasiveAccountController:31] get all pasive accounts
[2022-12-04 19:57:30] [ INFO ] [PasiveAccountController:44] save passive account
[2022-12-04 19:57:47] [ INFO ] [PasiveAccountController:44] save passive account
[2022-12-15 06:04:06] [ INFO ] [PassiveAccountController:32] save passive account
[2022-12-15 06:07:05] [ INFO ] [PassiveAccountController:43] save passive account
[2022-12-15 06:07:05] [ INFO ] [PassiveAccountController:32] save passive account
[2022-12-15 06:12:10] [ INFO ] [PassiveAccountController:43] save passive account
[2022-12-15 06:12:10] [ INFO ] [PassiveAccountController:63] save passive account
[2022-12-15 06:12:10] [ INFO ] [PassiveAccountController:53] save passive account
[2022-12-15 06:12:10] [ INFO ] [PassiveAccountController:32] save passive account
[2022-12-15 06:13:50] [ INFO ] [PassiveAccountController:43] save passive account
[2022-12-15 06:13:50] [ INFO ] [PassiveAccountController:63] save passive account
[2022-12-15 06:13:50] [ INFO ] [PassiveAccountController:53] save passive account
[2022-12-15 06:13:50] [ INFO ] [PassiveAccountController:32] save passive account
[2022-12-15 06:18:57] [ INFO ] [PassiveAccountController:75] save passive account
[2022-12-15 06:19:50] [ INFO ] [PassiveAccountController:43] save passive account
[2022-12-15 06:19:50] [ INFO ] [PassiveAccountController:63] save passive account
[2022-12-15 06:19:50] [ INFO ] [PassiveAccountController:75] save passive account
[2022-12-15 06:19:50] [ INFO ] [PassiveAccountController:53] save passive account
[2022-12-15 06:19:50] [ INFO ] [PassiveAccountController:32] save passive account
[2022-12-15 06:20:35] [ INFO ] [PassiveAccountController:43] save passive account
[2022-12-15 06:20:35] [ INFO ] [PassiveAccountController:63] save passive account
[2022-12-15 06:20:35] [ INFO ] [PassiveAccountController:81] save passive account
[2022-12-15 06:20:35] [ INFO ] [PassiveAccountController:75] save passive account
[2022-12-15 06:20:35] [ INFO ] [PassiveAccountController:53] save passive account
[2022-12-15 06:20:35] [ INFO ] [PassiveAccountController:32] save passive account
[2022-12-15 17:11:20] [ INFO ] [PassiveAccountController:43] save passive account
[2022-12-15 17:11:20] [ INFO ] [PassiveAccountController:63] save passive account
[2022-12-15 17:11:20] [ INFO ] [PassiveAccountController:81] save passive account
[2022-12-15 17:11:20] [ INFO ] [PassiveAccountController:90] get account balance by account number
[2022-12-15 17:11:20] [ INFO ] [PassiveAccountController:75] save passive account
[2022-12-15 17:11:20] [ INFO ] [PassiveAccountController:53] save passive account
[2022-12-15 17:11:20] [ INFO ] [PassiveAccountController:32] save passive account
[2022-12-15 17:13:56] [ INFO ] [PassiveAccountController:43] save passive account
[2022-12-15 17:13:56] [ INFO ] [PassiveAccountController:63] save passive account
[2022-12-15 17:13:56] [ INFO ] [PassiveAccountController:81] save passive account
[2022-12-15 17:13:56] [ INFO ] [PassiveAccountController:97] check if account number exist
[2022-12-15 17:13:56] [ INFO ] [PassiveAccountController:75] save passive account
[2022-12-15 17:13:56] [ INFO ] [PassiveAccountController:53] save passive account
[2022-12-15 17:13:56] [ INFO ] [PassiveAccountController:90] get account balance by account number
[2022-12-15 17:13:56] [ INFO ] [PassiveAccountController:32] save passive account
[2022-12-15 17:17:46] [ INFO ] [PassiveAccountController:43] save passive account
[2022-12-15 17:17:46] [ INFO ] [PassiveAccountController:63] save passive account
[2022-12-15 17:17:46] [ INFO ] [PassiveAccountController:81] save passive account
[2022-12-15 17:17:46] [ INFO ] [PassiveAccountController:97] check if account number exist
[2022-12-15 17:17:46] [ INFO ] [PassiveAccountController:75] save passive account
[2022-12-15 17:17:46] [ INFO ] [PassiveAccountController:53] save passive account
[2022-12-15 17:17:46] [ INFO ] [PassiveAccountController:90] get account balance by account number
[2022-12-15 17:17:46] [ INFO ] [PassiveAccountController:32] save passive account
[2022-12-15 17:19:10] [ INFO ] [PassiveAccountController:43] save passive account
[2022-12-15 17:19:10] [ INFO ] [PassiveAccountController:63] save passive account
[2022-12-15 17:19:11] [ INFO ] [PassiveAccountController:81] save passive account
[2022-12-15 17:19:11] [ INFO ] [PassiveAccountController:104] associate passive account with debit card
[2022-12-15 17:19:11] [ INFO ] [PassiveAccountController:97] check if account number exist
[2022-12-15 17:19:11] [ INFO ] [PassiveAccountController:75] save passive account
[2022-12-15 17:19:11] [ INFO ] [PassiveAccountController:53] save passive account
[2022-12-15 17:19:11] [ INFO ] [PassiveAccountController:90] get account balance by account number
[2022-12-15 17:19:11] [ INFO ] [PassiveAccountController:32] save passive account
[2022-12-16 06:40:24] [ INFO ] [MovementController:36] save deposit
[2022-12-16 06:40:24] [ INFO ] [MovementController:48] save transfer with same account
[2022-12-16 06:40:24] [ INFO ] [MovementController:60] save withdrawal with debit card
[2022-12-16 06:40:24] [ INFO ] [MovementController:42] save withdrawal
[2022-12-16 06:40:24] [ INFO ] [MovementController:54] save transfer to third ascount
[2022-12-16 06:48:07] [ INFO ] [MovementController:30] get movement by account code
[2022-12-16 07:09:23] [ INFO ] [DebitCardController:26] save debit card
[2022-12-16 07:14:02] [ INFO ] [DebitCardController:26] save debit card
[2022-12-16 07:14:25] [ INFO ] [DebitCardController:32] update main account number
[2022-12-16 07:14:25] [ INFO ] [DebitCardController:26] save debit card
[2022-12-19 02:48:13] [ INFO ] [DebitCardController:32] update main account number
[2022-12-19 02:48:13] [ INFO ] [DebitCardController:26] save debit card
[2022-12-19 02:48:16] [ INFO ] [MovementController:36] save deposit
[2022-12-19 02:48:16] [ INFO ] [MovementController:48] save transfer with same account
[2022-12-19 02:48:16] [ INFO ] [MovementController:60] save withdrawal with debit card
[2022-12-19 02:48:16] [ INFO ] [MovementController:30] get movement by account code
[2022-12-19 02:48:16] [ INFO ] [MovementController:42] save withdrawal
[2022-12-19 02:48:16] [ INFO ] [MovementController:54] save transfer to third ascount
[2022-12-19 02:48:17] [ INFO ] [PassiveAccountController:43] save passive account
[2022-12-19 02:48:17] [ INFO ] [PassiveAccountController:63] save passive account
[2022-12-19 02:48:17] [ INFO ] [PassiveAccountController:81] save passive account
[2022-12-19 02:48:17] [ INFO ] [PassiveAccountController:104] associate passive account with debit card
[2022-12-19 02:48:17] [ INFO ] [PassiveAccountController:97] check if account number exist
[2022-12-19 02:48:17] [ INFO ] [PassiveAccountController:75] save passive account
[2022-12-19 02:48:17] [ INFO ] [PassiveAccountController:53] save passive account
[2022-12-19 02:48:17] [ INFO ] [PassiveAccountController:90] get account balance by account number
[2022-12-19 02:48:17] [ INFO ] [PassiveAccountController:32] save passive account
[2022-12-19 02:50:29] [ INFO ] [DebitCardController:32] update main account number
[2022-12-19 02:50:30] [ INFO ] [DebitCardController:26] save debit card
[2022-12-19 02:50:33] [ INFO ] [MovementController:36] save deposit
[2022-12-19 02:50:33] [ INFO ] [MovementController:48] save transfer with same account
[2022-12-19 02:50:33] [ INFO ] [MovementController:60] save withdrawal with debit card
[2022-12-19 02:50:33] [ INFO ] [MovementController:30] get movement by account code
[2022-12-19 02:50:33] [ INFO ] [MovementController:42] save withdrawal
[2022-12-19 02:50:33] [ INFO ] [MovementController:54] save transfer to third ascount
[2022-12-19 02:50:33] [ INFO ] [PassiveAccountController:43] save passive account
[2022-12-19 02:50:33] [ INFO ] [PassiveAccountController:63] save passive account
[2022-12-19 02:50:33] [ INFO ] [PassiveAccountController:81] save passive account
[2022-12-19 02:50:33] [ INFO ] [PassiveAccountController:104] associate passive account with debit card
[2022-12-19 02:50:33] [ INFO ] [PassiveAccountController:97] check if account number exist
[2022-12-19 02:50:33] [ INFO ] [PassiveAccountController:75] save passive account
[2022-12-19 02:50:33] [ INFO ] [PassiveAccountController:53] save passive account
[2022-12-19 02:50:34] [ INFO ] [PassiveAccountController:90] get account balance by account number
[2022-12-19 02:50:34] [ INFO ] [PassiveAccountController:32] save passive account
[2022-12-19 02:53:34] [ INFO ] [DebitCardController:32] update main account number
[2022-12-19 02:53:34] [ INFO ] [DebitCardController:26] save debit card
[2022-12-19 02:53:34] [ INFO ] [MovementController:36] save deposit
[2022-12-19 02:53:34] [ INFO ] [MovementController:48] save transfer with same account
[2022-12-19 02:53:34] [ INFO ] [MovementController:60] save withdrawal with debit card
[2022-12-19 02:53:34] [ INFO ] [MovementController:30] get movement by account code
[2022-12-19 02:53:35] [ INFO ] [MovementController:42] save withdrawal
[2022-12-19 02:53:35] [ INFO ] [MovementController:54] save transfer to third ascount
[2022-12-19 02:53:37] [ INFO ] [PassiveAccountController:43] save passive account
[2022-12-19 02:53:37] [ INFO ] [PassiveAccountController:63] save passive account
[2022-12-19 02:53:38] [ INFO ] [PassiveAccountController:81] save passive account
[2022-12-19 02:53:38] [ INFO ] [PassiveAccountController:104] associate passive account with debit card
[2022-12-19 02:53:38] [ INFO ] [PassiveAccountController:97] check if account number exist
[2022-12-19 02:53:38] [ INFO ] [PassiveAccountController:75] save passive account
[2022-12-19 02:53:38] [ INFO ] [PassiveAccountController:53] save passive account
[2022-12-19 02:53:38] [ INFO ] [PassiveAccountController:90] get account balance by account number
[2022-12-19 02:53:38] [ INFO ] [PassiveAccountController:32] save passive account
[2022-12-19 02:57:33] [ INFO ] [DebitCardController:32] update main account number
[2022-12-19 02:57:33] [ INFO ] [DebitCardController:26] save debit card
[2022-12-19 02:57:33] [ INFO ] [MovementController:36] save deposit
[2022-12-19 02:57:33] [ INFO ] [MovementController:48] save transfer with same account
[2022-12-19 02:57:33] [ INFO ] [MovementController:60] save withdrawal with debit card
[2022-12-19 02:57:34] [ INFO ] [MovementController:30] get movement by account code
[2022-12-19 02:57:34] [ INFO ] [MovementController:42] save withdrawal
[2022-12-19 02:57:34] [ INFO ] [MovementController:54] save transfer to third ascount
[2022-12-19 02:57:34] [ INFO ] [PassiveAccountController:43] save passive account
[2022-12-19 02:57:34] [ INFO ] [PassiveAccountController:63] save passive account
[2022-12-19 02:57:34] [ INFO ] [PassiveAccountController:81] save passive account
[2022-12-19 02:57:34] [ INFO ] [PassiveAccountController:104] associate passive account with debit card
[2022-12-19 02:57:34] [ INFO ] [PassiveAccountController:97] check if account number exist
[2022-12-19 02:57:34] [ INFO ] [PassiveAccountController:75] save passive account
[2022-12-19 02:57:34] [ INFO ] [PassiveAccountController:53] save passive account
[2022-12-19 02:57:34] [ INFO ] [PassiveAccountController:90] get account balance by account number
[2022-12-19 02:57:34] [ INFO ] [PassiveAccountController:32] save passive account
